{"message":"user afik@gmail.com logged in successfuly in 01:04:30","level":"info"}
{"message":"user afik@gmail.com logged in successfuly in 03:51:11","level":"info"}
{"message":"user afik@gmail.com logged in successfuly in 04:51:10","level":"info"}
{"message":"user afik@gmail.com logged in successfuly in 04:52:36","level":"info"}
{"message":"user afik@gmail.com logged in successfuly in 04:53:49","level":"info"}
{"message":"user afik@gmail.com logged in successfuly in 04:57:03","level":"info"}
{"message":"user afik@gmail.com logged in successfuly in 04:59:01","level":"info"}
{"message":"user afik@gmail.com logged in successfuly in 04:59:11","level":"info"}
{"message":"user afi99@gmail.com registerd successfuly in 04:59:26","level":"info"}
{"message":"user afi99@gmail.com has failed to register in 04:59:33","level":"error"}
{"message":"user afi19@gmail.com registerd successfuly in 04:59:36","level":"info"}
{"message":"user afi18@gmail.com registerd successfuly in 05:00:13","level":"info"}
{"message":"user afi11@gmail.com registerd successfuly in 05:01:34","level":"info"}
{"message":"user afi13@gmail.com registerd successfuly in 05:03:55","level":"info"}
{"message":"user afikbahar@gmail.com registerd successfuly in 05:05:17","level":"info"}
{"message":"user afikbahar@gmail.com logged in successfuly in 05:05:22","level":"info"}
{"message":"user af1k@gmail.com registerd successfuly in 05:17:09","level":"info"}
{"message":"user af2k@gmail.com registerd successfuly in 05:17:36","level":"info"}
{"message":"user afikbahar@gmail.com logged in successfuly in 05:19:41","level":"info"}
{"message":"user afikbahar@gmail.com logged in successfuly in 05:23:52","level":"info"}
{"message":"user afikbahar@gmail.com logged in successfuly in 05:29:42","level":"info"}
{"message":"user afikbahar@gmail.com logged in successfuly in 05:30:00","level":"info"}
{"message":"user afikbahar@gmail.com logged in successfuly in 05:30:24","level":"info"}
{"message":"user afikbahar@gmail.com logged in successfuly in 05:30:53","level":"info"}
{"message":"user afikbahar@gmail.com logged in successfuly in 05:34:11","level":"info"}
{"message":"user afikbahar@gmail.com logged in successfuly in 05:35:15","level":"info"}
{"message":"user afikbahar@gmail.com logged in successfuly in 05:35:18","level":"info"}
{"message":"user afikbahar@gmail.com logged in successfuly in 05:35:18","level":"info"}
{"message":"user afikbahar@gmail.com logged in successfuly in 05:35:19","level":"info"}
{"message":"user afikbahar@gmail.com logged in successfuly in 05:35:19","level":"info"}
{"message":"user afikbahar@gmail.com logged in successfuly in 05:35:19","level":"info"}
{"message":"user afikbahar@gmail.com logged in successfuly in 05:35:19","level":"info"}
{"message":"user afikbahar@gmail.com logged in successfuly in 05:35:19","level":"info"}
{"message":"user afik@gmail.com has failed to register in 05:39:48","level":"error"}
{"message":"user afik@gmail.com has failed to register in 05:39:49","level":"error"}
{"message":"user afik@gmail.com has failed to register in 05:39:49","level":"error"}
{"message":"user afik@gmail.com has failed to register in 05:39:49","level":"error"}
{"message":"user afikbahar@gmail.com logged in successfuly in 05:40:53","level":"info"}
{"message":"user afikbahar@gmail.com logged in successfuly in 05:43:16","level":"info"}
{"message":"user afikbahar@gmail.com logged in successfuly in 05:43:21","level":"info"}
{"message":"user afikbahar@gmail.com logged in successfuly in 05:43:22","level":"info"}
{"message":"user afikbahar@gmail.com logged in successfuly in 05:43:23","level":"info"}
{"message":"user afikbahar@gmail.com logged in successfuly in 05:44:13","level":"info"}
{"message":"user afikbahar@gmail.com logged in successfuly in 05:44:15","level":"info"}
{"message":"user afikbahar@gmail.com logged in successfuly in 05:44:16","level":"info"}
{"message":"user afikbahar@gmail.com logged in successfuly in 05:44:18","level":"info"}
{"message":"user afikbahar@gmail.com logged in successfuly in 05:44:19","level":"info"}
{"message":"user afikbahar@gmail.com logged in successfuly in 05:44:19","level":"info"}
{"message":"user afikbahar@gmail.com logged in successfuly in 05:44:20","level":"info"}
{"message":"user afikbahar@gmail.com logged in successfuly in 05:45:14","level":"info"}
{"message":"user afikbahar@gmail.com logged in successfuly in 05:45:15","level":"info"}
{"message":"user afikbahar@gmail.com logged in successfuly in 05:45:15","level":"info"}
{"message":"user afikbahar@gmail.com logged in successfuly in 05:45:15","level":"info"}
{"message":"user afikbahar@gmail.com logged in successfuly in 05:45:15","level":"info"}
{"message":"user afikbahar@gmail.com logged in successfuly in 05:45:16","level":"info"}
{"message":"user afikbahar@gmail.com logged in successfuly in 05:45:16","level":"info"}
{"message":"user afikbahar@gmail.com logged in successfuly in 05:45:21","level":"info"}
{"message":"user afikbahar@gmail.com logged in successfuly in 05:47:04","level":"info"}
{"message":"user afikbahar@gmail.com logged in successfuly in 05:47:07","level":"info"}
{"message":"user afikbahar@gmail.com logged in successfuly in 05:47:08","level":"info"}
{"message":"user afikbahar@gmail.com logged in successfuly in 05:47:08","level":"info"}
{"message":"user afikbahar@gmail.com logged in successfuly in 05:47:08","level":"info"}
{"message":"user afikbahar@gmail.com logged in successfuly in 05:47:09","level":"info"}
{"message":"user afikbahar@gmail.com logged in successfuly in 05:47:09","level":"info"}
{"message":"user afikbahar@gmail.com logged in successfuly in 05:47:09","level":"info"}
{"message":"user afikbahar@gmail.com logged in successfuly in 05:47:09","level":"info"}
{"message":"user afikbahar@gmail.com logged in successfuly in 05:48:19","level":"info"}
{"message":"user afikbahar@gmail.com logged in successfuly in 05:48:44","level":"info"}
{"message":"user afikbahar@gmail.com logged in successfuly in 05:48:58","level":"info"}
{"message":"user afikbahar@gmail.com logged in successfuly in 05:49:31","level":"info"}
{"message":"user afikbahar@gmail.com logged in successfuly in 05:49:56","level":"info"}
{"message":"user afikbahar@gmail.com logged in successfuly in 05:50:29","level":"info"}
{"message":"user afikbahar@gmail.com logged in successfuly in 05:50:30","level":"info"}
{"message":"user afikbahar@gmail.com logged in successfuly in 05:50:31","level":"info"}
{"message":"user afikbahar@gmail.com logged in successfuly in 05:50:34","level":"info"}
{"message":"user afikbahar@gmail.com logged in successfuly in 05:51:48","level":"info"}
{"message":"user afikbahar@gmail.com logged in successfuly in 05:51:50","level":"info"}
{"message":"user afikbahar@gmail.com logged in successfuly in 05:51:51","level":"info"}
{"message":"user afikbahar@gmail.com logged in successfuly in 05:53:10","level":"info"}
{"message":"user afikbahar@gmail.com logged in successfuly in 05:53:11","level":"info"}
{"message":"user afikbahar@gmail.com logged in successfuly in 05:53:17","level":"info"}
{"message":"user afikbahar@gmail.com logged in successfuly in 05:53:17","level":"info"}
{"message":"user afikbahar@gmail.com logged in successfuly in 05:53:17","level":"info"}
{"message":"user afikbahar@gmail.com logged in successfuly in 05:53:17","level":"info"}
{"message":"user afikbahar@gmail.com logged in successfuly in 05:53:20","level":"info"}
{"message":"user afikbahar@gmail.com logged in successfuly in 05:53:21","level":"info"}
{"message":"user afikbahar@gmail.com logged in successfuly in 05:53:21","level":"info"}
{"message":"user afikbahar@gmail.com logged in successfuly in 05:53:22","level":"info"}
{"message":"user afikbahar@gmail.com logged in successfuly in 05:53:22","level":"info"}
{"message":"user afikbahar@gmail.com logged in successfuly in 05:53:22","level":"info"}
{"message":"user afikbahar@gmail.com logged in successfuly in 05:53:22","level":"info"}
{"message":"user afikbahar@gmail.com logged in successfuly in 05:53:26","level":"info"}
{"message":"user afikbahar@gmail.com logged in successfuly in 05:53:26","level":"info"}
{"message":"user afikbahar@gmail.com logged in successfuly in 05:53:26","level":"info"}
{"message":"user afikbahar@gmail.com logged in successfuly in 05:53:27","level":"info"}
{"message":"user afikbahar@gmail.com logged in successfuly in 05:53:27","level":"info"}
{"message":"user afikbahar@gmail.com logged in successfuly in 05:54:03","level":"info"}
{"message":"user abergay@gmail.com registerd successfuly in 07:03:05","level":"info"}
{"message":"user abergay@gmail.com logged in successfuly in 07:03:12","level":"info"}
{"message":"user afikbahar@gmail.com logged in successfuly in 08:28:21","level":"info"}
