{"message":"user afikbahar@gmail.com logged in successfuly in 01:12:52","level":"info"}
{"message":"user afikbahar@gmail.com logged in successfuly in 03:11:33","level":"info"}
{"message":"user afikbahar@gmail.com logged in successfuly in 03:52:29","level":"info"}
{"message":"user nirhomo@gmail.com logged in successfuly in 04:05:33","level":"info"}
{"message":"user afikbahar@gmail.com logged in successfuly in 04:05:44","level":"info"}
{"message":"user afikbahar@gmail.com logged in successfuly in 04:14:36","level":"info"}
{"message":"user gilgul@gmail.com logged in successfuly in 04:16:04","level":"info"}
{"message":"user afikbahar@gmail.com logged in successfuly in 04:16:38","level":"info"}
{"message":"user nirhomo@gmail.com logged in successfuly in 05:10:27","level":"info"}
{"message":"user afikbahar@gmail.com logged in successfuly in 05:10:46","level":"info"}
{"message":"user gilgugl@gmai.com has failed to login 05:18:45","level":"info"}
{"message":"user gilgugl@gmai.com has failed to login 05:18:46","level":"info"}
{"message":"user gilgul@gmai.com has failed to login 05:18:51","level":"info"}
{"message":"user gilgul@gmai.com has failed to login 05:18:52","level":"info"}
{"message":"user gilgul@gmail.com logged in successfuly in 05:18:59","level":"info"}
{"message":"user afikbahar@gmail.com logged in successfuly in 05:19:12","level":"info"}
{"message":"user nirhomo@gmail.com logged in successfuly in 05:51:49","level":"info"}
{"message":"user afikbahar@gmail.com logged in successfuly in 05:51:56","level":"info"}
{"message":"user nirhomo@gmail.com logged in successfuly in 06:33:41","level":"info"}
{"message":"user afikbahar@gmail.com logged in successfuly in 06:34:48","level":"info"}
{"message":"user gilgul@gmail.com logged in successfuly in 06:37:09","level":"info"}
{"message":"user afikbahar@gmail.com logged in successfuly in 06:37:24","level":"info"}
{"message":"user afikbahar@gmail.com logged in successfuly in 10:58:50","level":"info"}
