{"message":"user afik@gmail.com registerd successfuly in 12:34:06","level":"info"}
{"message":"user afik@gmail.com has failed to register in 12:34:41","level":"error"}
{"message":"user afik@gmail.com has failed to register in 12:34:52","level":"error"}
{"message":"user afik@gmail.com has failed to register in 12:35:24","level":"error"}
{"message":"user afik@gmail.com has failed to register in 12:35:26","level":"error"}
{"message":"user afik@gmail.com has failed to register in 12:36:00","level":"error"}
{"message":"user afik@gmail.com has failed to register in 12:37:22","level":"error"}
{"message":"user afik@gmail.com has failed to register in 12:37:25","level":"error"}
{"message":"user afik@gmail.com has failed to register in 12:38:08","level":"error"}
{"message":"user afik@gmail.com registerd successfuly in 12:43:43","level":"info"}
{"message":"user afik2@gmail.com registerd successfuly in 12:44:18","level":"info"}
{"message":"user afik@gmail.com logged in successfuly in 02:35:19","level":"info"}
{"message":"user afik@gmail.com logged in successfuly in 02:37:53","level":"info"}
{"message":"user afik@gmail.com logged in successfuly in 02:39:29","level":"info"}
{"message":"user afik@gmail.com logged in successfuly in 02:41:00","level":"info"}
{"message":"user afik@gmail.com logged in successfuly in 02:42:15","level":"info"}
{"message":"user nirhomo@gmail.com registerd successfuly in 02:43:10","level":"info"}
{"message":"user nirhomo@gmail.com logged in successfuly in 02:43:19","level":"info"}
{"message":"user nirhomo@gmail.com logged in successfuly in 02:43:52","level":"info"}
{"message":"user nirhomo@gmail.com logged in successfuly in 02:44:10","level":"info"}
{"message":"user nirhomo@gmail.com logged in successfuly in 03:20:55","level":"info"}
