{"message":"user afik&matan@gmail.com registerd successfuly in 07:42:15","level":"info"}
{"message":"user afik&mata1@gmail.com registerd successfuly in 07:50:33","level":"info"}
{"message":"user afik&mata2@gmail.com registerd successfuly in 07:52:07","level":"info"}
{"message":"user afik&mata2@gmail.com has failed to register in 07:52:39","level":"error"}
{"message":"user afik&mata2@gmail.com has failed to register in 07:52:46","level":"error"}
{"message":"user afik&mata4@gmail.com registerd successfuly in 07:53:04","level":"info"}
{"message":"user afik&mata5@gmail.com registerd successfuly in 07:56:16","level":"info"}
{"message":"user afik&mata6@gmail.com registerd successfuly in 07:56:42","level":"info"}
{"message":"user afik&mata6@gmail.com logged in successfuly in 07:58:51","level":"info"}
{"message":"user afik&mata6@gmail.com logged in successfuly in 08:06:50","level":"info"}
{"message":"user afik&mata6@gmail.com logged in successfuly in 08:13:51","level":"info"}
{"message":"user afik&mata6@gmail.com logged in successfuly in 08:13:54","level":"info"}
{"message":"user afik&mata6@gmail.com logged in successfuly in 08:13:58","level":"info"}
{"message":"user afik&mata6@gmail.com logged in successfuly in 08:14:20","level":"info"}
{"message":"user afik&mata6@gmail.com logged in successfuly in 08:14:26","level":"info"}
{"message":"user afik&mata6@gmail.com logged in successfuly in 08:14:57","level":"info"}
{"message":"user afik&mata6@gmail.com logged in successfuly in 08:15:02","level":"info"}
{"message":"user afik&mata6@gmail.com logged in successfuly in 11:04:06","level":"info"}
{"message":"user afik&mata6@gmail.com logged in successfuly in 11:06:17","level":"info"}
{"message":"user afik&mata6@gmail.com logged in successfuly in 11:07:39","level":"info"}
{"message":"user afik&mata6@gmail.com logged in successfuly in 11:09:42","level":"info"}
{"message":"user afik&mata6@gmail.com logged in successfuly in 11:11:27","level":"info"}
{"message":"user afiklevad@gmail.com registerd successfuly in 11:12:16","level":"info"}
{"message":"user afiklevad@gmail.com has failed to register in 11:12:25","level":"error"}
{"message":"user afiklevad2@gmail.com registerd successfuly in 11:13:11","level":"info"}
{"message":"user afiklevad3@gmail.com registerd successfuly in 11:13:49","level":"info"}
{"message":"user afiklevad4@gmail.com registerd successfuly in 11:14:11","level":"info"}
{"message":"user afiklevad5@gmail.com registerd successfuly in 11:14:21","level":"info"}
{"message":"user afiklevad6@gmail.com registerd successfuly in 11:14:25","level":"info"}
{"message":"user afiklevad8@gmail.com registerd successfuly in 11:15:40","level":"info"}
{"message":"user afiklevad9@gmail.com registerd successfuly in 11:16:31","level":"info"}
{"message":"user bdika@gmail.com registerd successfuly in 11:18:08","level":"info"}
{"message":"user bdika2@gmail.com registerd successfuly in 11:18:36","level":"info"}
{"message":"user bdika4@gmail.com registerd successfuly in 11:19:55","level":"info"}
{"message":"user bdika5@gmail.com registerd successfuly in 11:20:29","level":"info"}
{"message":"user bdika6@gmail.com registerd successfuly in 11:20:40","level":"info"}
{"message":"user bdika@gmail.com logged in successfuly in 11:21:00","level":"info"}
{"message":"user bdika@gmail.com logged in successfuly in 11:21:42","level":"info"}
{"message":"user bdika@gmail.com logged in successfuly in 11:21:50","level":"info"}
{"message":"user afik&mata6@gmail.com logged in successfuly in 11:30:36","level":"info"}
{"message":"user afik&mata6@gmail.com logged in successfuly in 11:31:43","level":"info"}
{"message":"user afik&mata6@gmail.com logged in successfuly in 11:32:55","level":"info"}
{"message":"user afik&mata6@gmail.com logged in successfuly in 11:33:06","level":"info"}
{"message":"user afik&mata6@gmail.com logged in successfuly in 11:33:14","level":"info"}
{"message":"user afik&mata6@gmail.com logged in successfuly in 11:44:33","level":"info"}
{"message":"user afik&mata6@gmail.com logged in successfuly in 11:45:49","level":"info"}
